<?xml version="1.0" encoding="UTF-8"?>
<!-- Generated by org.testng.reporters.JUnitXMLReporter -->
<testsuite ignored="0" hostname="DESKTOP-UIG46I4" failures="0" tests="8" name="Default test" time="41.524" errors="0" timestamp="2026-09-23T22:50:37 IST">
  <testcase classname="tests.LoginTest" name="loginTest" time="0.454"/>
  <testcase classname="tests.LoginTest" name="loginTest" time="0.536"/>
  <testcase classname="tests.LoginTest" name="loginTest" time="0.496"/>
  <testcase classname="tests.LoginTest" name="loginTest" time="0.461"/>
  <testcase classname="tests.LoginTest" name="loginTest" time="0.472"/>
  <testcase classname="tests.LoginTest" name="loginTest" time="0.481"/>
  <testcase classname="tests.LoginTest" name="loginTest" time="0.66"/>
  <testcase classname="tests.LoginTest" name="loginTest" time="5.53"/>
</testsuite> <!-- Default test -->
