<?xml version="1.0" encoding="UTF-8"?>
<testng-results ignored="0" total="8" passed="8" failed="0" skipped="0">
  <reporter-output>
  </reporter-output>
  <suite started-at="2026-09-23T22:49:55 IST" name="Default suite" finished-at="2026-09-23T22:50:37 IST" duration-ms="41524">
    <groups>
    </groups>
    <test started-at="2026-09-23T22:49:55 IST" name="Default test" finished-at="2026-09-23T22:50:37 IST" duration-ms="41524">
      <class name="tests.LoginTest">
        <test-method is-config="true" signature="setUp()[pri:0, instance:tests.LoginTest@31d7b7bf]" started-at="2026-09-23T22:49:56 IST" name="setUp" finished-at="2026-09-23T22:50:12 IST" duration-ms="16242" status="PASS">
          <reporter-output>
          </reporter-output>
        </test-method> <!-- setUp -->
        <test-method signature="loginTest(java.lang.String,java.lang.String,java.lang.String,java.lang.String,java.lang.String)[pri:0, instance:tests.LoginTest@31d7b7bf]" started-at="2026-09-23T22:50:12 IST" name="loginTest" data-provider="loginData" finished-at="2026-09-23T22:50:13 IST" duration-ms="454" status="PASS">
          <params>
            <param index="0">
              <value>
                <![CDATA[TC001]]>
              </value>
            </param>
            <param index="1">
              <value>
                <![CDATA[standard_user]]>
              </value>
            </param>
            <param index="2">
              <value>
                <![CDATA[secret_sauce]]>
              </value>
            </param>
            <param index="3">
              <value>
                <![CDATA[Success]]>
              </value>
            </param>
            <param index="4">
              <value>
                <![CDATA[Positive]]>
              </value>
            </param>
          </params>
          <reporter-output>
          </reporter-output>
        </test-method> <!-- loginTest -->
        <test-method is-config="true" signature="tearDown()[pri:0, instance:tests.LoginTest@31d7b7bf]" started-at="2026-09-23T22:50:13 IST" name="tearDown" finished-at="2026-09-23T22:50:13 IST" duration-ms="256" status="PASS">
          <reporter-output>
          </reporter-output>
        </test-method> <!-- tearDown -->
        <test-method is-config="true" signature="setUp()[pri:0, instance:tests.LoginTest@31d7b7bf]" started-at="2026-09-23T22:50:13 IST" name="setUp" finished-at="2026-09-23T22:50:15 IST" duration-ms="1680" status="PASS">
          <reporter-output>
          </reporter-output>
        </test-method> <!-- setUp -->
        <test-method signature="loginTest(java.lang.String,java.lang.String,java.lang.String,java.lang.String,java.lang.String)[pri:0, instance:tests.LoginTest@31d7b7bf]" started-at="2026-09-23T22:50:15 IST" name="loginTest" data-provider="loginData" finished-at="2026-09-23T22:50:15 IST" duration-ms="536" status="PASS">
          <params>
            <param index="0">
              <value>
                <![CDATA[TC002]]>
              </value>
            </param>
            <param index="1">
              <value>
                <![CDATA[standard_user]]>
              </value>
            </param>
            <param index="2">
              <value>
                <![CDATA[wrong_password]]>
              </value>
            </param>
            <param index="3">
              <value>
                <![CDATA[Failure]]>
              </value>
            </param>
            <param index="4">
              <value>
                <![CDATA[Negative]]>
              </value>
            </param>
          </params>
          <reporter-output>
          </reporter-output>
        </test-method> <!-- loginTest -->
        <test-method is-config="true" signature="tearDown()[pri:0, instance:tests.LoginTest@31d7b7bf]" started-at="2026-09-23T22:50:15 IST" name="tearDown" finished-at="2026-09-23T22:50:16 IST" duration-ms="387" status="PASS">
          <reporter-output>
          </reporter-output>
        </test-method> <!-- tearDown -->
        <test-method is-config="true" signature="setUp()[pri:0, instance:tests.LoginTest@31d7b7bf]" started-at="2026-09-23T22:50:16 IST" name="setUp" finished-at="2026-09-23T22:50:17 IST" duration-ms="1790" status="PASS">
          <reporter-output>
          </reporter-output>
        </test-method> <!-- setUp -->
        <test-method signature="loginTest(java.lang.String,java.lang.String,java.lang.String,java.lang.String,java.lang.String)[pri:0, instance:tests.LoginTest@31d7b7bf]" started-at="2026-09-23T22:50:17 IST" name="loginTest" data-provider="loginData" finished-at="2026-09-23T22:50:18 IST" duration-ms="496" status="PASS">
          <params>
            <param index="0">
              <value>
                <![CDATA[TC003]]>
              </value>
            </param>
            <param index="1">
              <value>
                <![CDATA[wrong_user]]>
              </value>
            </param>
            <param index="2">
              <value>
                <![CDATA[secret_sauce]]>
              </value>
            </param>
            <param index="3">
              <value>
                <![CDATA[Failure]]>
              </value>
            </param>
            <param index="4">
              <value>
                <![CDATA[Negative]]>
              </value>
            </param>
          </params>
          <reporter-output>
          </reporter-output>
        </test-method> <!-- loginTest -->
        <test-method is-config="true" signature="tearDown()[pri:0, instance:tests.LoginTest@31d7b7bf]" started-at="2026-09-23T22:50:18 IST" name="tearDown" finished-at="2026-09-23T22:50:18 IST" duration-ms="297" status="PASS">
          <reporter-output>
          </reporter-output>
        </test-method> <!-- tearDown -->
        <test-method is-config="true" signature="setUp()[pri:0, instance:tests.LoginTest@31d7b7bf]" started-at="2026-09-23T22:50:18 IST" name="setUp" finished-at="2026-09-23T22:50:20 IST" duration-ms="1735" status="PASS">
          <reporter-output>
          </reporter-output>
        </test-method> <!-- setUp -->
        <test-method signature="loginTest(java.lang.String,java.lang.String,java.lang.String,java.lang.String,java.lang.String)[pri:0, instance:tests.LoginTest@31d7b7bf]" started-at="2026-09-23T22:50:20 IST" name="loginTest" data-provider="loginData" finished-at="2026-09-23T22:50:20 IST" duration-ms="461" status="PASS">
          <params>
            <param index="0">
              <value>
                <![CDATA[TC004]]>
              </value>
            </param>
            <param index="1">
              <value>
                <![CDATA[]]>
              </value>
            </param>
            <param index="2">
              <value>
                <![CDATA[secret_sauce]]>
              </value>
            </param>
            <param index="3">
              <value>
                <![CDATA[Failure]]>
              </value>
            </param>
            <param index="4">
              <value>
                <![CDATA[Negative]]>
              </value>
            </param>
          </params>
          <reporter-output>
          </reporter-output>
        </test-method> <!-- loginTest -->
        <test-method is-config="true" signature="tearDown()[pri:0, instance:tests.LoginTest@31d7b7bf]" started-at="2026-09-23T22:50:20 IST" name="tearDown" finished-at="2026-09-23T22:50:21 IST" duration-ms="422" status="PASS">
          <reporter-output>
          </reporter-output>
        </test-method> <!-- tearDown -->
        <test-method is-config="true" signature="setUp()[pri:0, instance:tests.LoginTest@31d7b7bf]" started-at="2026-09-23T22:50:21 IST" name="setUp" finished-at="2026-09-23T22:50:23 IST" duration-ms="1824" status="PASS">
          <reporter-output>
          </reporter-output>
        </test-method> <!-- setUp -->
        <test-method signature="loginTest(java.lang.String,java.lang.String,java.lang.String,java.lang.String,java.lang.String)[pri:0, instance:tests.LoginTest@31d7b7bf]" started-at="2026-09-23T22:50:23 IST" name="loginTest" data-provider="loginData" finished-at="2026-09-23T22:50:23 IST" duration-ms="472" status="PASS">
          <params>
            <param index="0">
              <value>
                <![CDATA[TC005]]>
              </value>
            </param>
            <param index="1">
              <value>
                <![CDATA[standard_user]]>
              </value>
            </param>
            <param index="2">
              <value>
                <![CDATA[]]>
              </value>
            </param>
            <param index="3">
              <value>
                <![CDATA[Failure]]>
              </value>
            </param>
            <param index="4">
              <value>
                <![CDATA[Negative]]>
              </value>
            </param>
          </params>
          <reporter-output>
          </reporter-output>
        </test-method> <!-- loginTest -->
        <test-method is-config="true" signature="tearDown()[pri:0, instance:tests.LoginTest@31d7b7bf]" started-at="2026-09-23T22:50:23 IST" name="tearDown" finished-at="2026-09-23T22:50:23 IST" duration-ms="414" status="PASS">
          <reporter-output>
          </reporter-output>
        </test-method> <!-- tearDown -->
        <test-method is-config="true" signature="setUp()[pri:0, instance:tests.LoginTest@31d7b7bf]" started-at="2026-09-23T22:50:23 IST" name="setUp" finished-at="2026-09-23T22:50:25 IST" duration-ms="1803" status="PASS">
          <reporter-output>
          </reporter-output>
        </test-method> <!-- setUp -->
        <test-method signature="loginTest(java.lang.String,java.lang.String,java.lang.String,java.lang.String,java.lang.String)[pri:0, instance:tests.LoginTest@31d7b7bf]" started-at="2026-09-23T22:50:25 IST" name="loginTest" data-provider="loginData" finished-at="2026-09-23T22:50:26 IST" duration-ms="481" status="PASS">
          <params>
            <param index="0">
              <value>
                <![CDATA[TC006]]>
              </value>
            </param>
            <param index="1">
              <value>
                <![CDATA[locked_out_user]]>
              </value>
            </param>
            <param index="2">
              <value>
                <![CDATA[secret_sauce]]>
              </value>
            </param>
            <param index="3">
              <value>
                <![CDATA[Failure]]>
              </value>
            </param>
            <param index="4">
              <value>
                <![CDATA[Negative]]>
              </value>
            </param>
          </params>
          <reporter-output>
          </reporter-output>
        </test-method> <!-- loginTest -->
        <test-method is-config="true" signature="tearDown()[pri:0, instance:tests.LoginTest@31d7b7bf]" started-at="2026-09-23T22:50:26 IST" name="tearDown" finished-at="2026-09-23T22:50:26 IST" duration-ms="387" status="PASS">
          <reporter-output>
          </reporter-output>
        </test-method> <!-- tearDown -->
        <test-method is-config="true" signature="setUp()[pri:0, instance:tests.LoginTest@31d7b7bf]" started-at="2026-09-23T22:50:26 IST" name="setUp" finished-at="2026-09-23T22:50:28 IST" duration-ms="1618" status="PASS">
          <reporter-output>
          </reporter-output>
        </test-method> <!-- setUp -->
        <test-method signature="loginTest(java.lang.String,java.lang.String,java.lang.String,java.lang.String,java.lang.String)[pri:0, instance:tests.LoginTest@31d7b7bf]" started-at="2026-09-23T22:50:28 IST" name="loginTest" data-provider="loginData" finished-at="2026-09-23T22:50:28 IST" duration-ms="660" status="PASS">
          <params>
            <param index="0">
              <value>
                <![CDATA[TC007]]>
              </value>
            </param>
            <param index="1">
              <value>
                <![CDATA[problem_user]]>
              </value>
            </param>
            <param index="2">
              <value>
                <![CDATA[secret_sauce]]>
              </value>
            </param>
            <param index="3">
              <value>
                <![CDATA[Success]]>
              </value>
            </param>
            <param index="4">
              <value>
                <![CDATA[Positive]]>
              </value>
            </param>
          </params>
          <reporter-output>
          </reporter-output>
        </test-method> <!-- loginTest -->
        <test-method is-config="true" signature="tearDown()[pri:0, instance:tests.LoginTest@31d7b7bf]" started-at="2026-09-23T22:50:28 IST" name="tearDown" finished-at="2026-09-23T22:50:29 IST" duration-ms="553" status="PASS">
          <reporter-output>
          </reporter-output>
        </test-method> <!-- tearDown -->
        <test-method is-config="true" signature="setUp()[pri:0, instance:tests.LoginTest@31d7b7bf]" started-at="2026-09-23T22:50:29 IST" name="setUp" finished-at="2026-09-23T22:50:31 IST" duration-ms="1783" status="PASS">
          <reporter-output>
          </reporter-output>
        </test-method> <!-- setUp -->
        <test-method signature="loginTest(java.lang.String,java.lang.String,java.lang.String,java.lang.String,java.lang.String)[pri:0, instance:tests.LoginTest@31d7b7bf]" started-at="2026-09-23T22:50:31 IST" name="loginTest" data-provider="loginData" finished-at="2026-09-23T22:50:36 IST" duration-ms="5530" status="PASS">
          <params>
            <param index="0">
              <value>
                <![CDATA[TC008]]>
              </value>
            </param>
            <param index="1">
              <value>
                <![CDATA[performance_glitch_user]]>
              </value>
            </param>
            <param index="2">
              <value>
                <![CDATA[secret_sauce]]>
              </value>
            </param>
            <param index="3">
              <value>
                <![CDATA[Success]]>
              </value>
            </param>
            <param index="4">
              <value>
                <![CDATA[Positive]]>
              </value>
            </param>
          </params>
          <reporter-output>
          </reporter-output>
        </test-method> <!-- loginTest -->
        <test-method is-config="true" signature="tearDown()[pri:0, instance:tests.LoginTest@31d7b7bf]" started-at="2026-09-23T22:50:36 IST" name="tearDown" finished-at="2026-09-23T22:50:37 IST" duration-ms="284" status="PASS">
          <reporter-output>
          </reporter-output>
        </test-method> <!-- tearDown -->
      </class> <!-- tests.LoginTest -->
    </test> <!-- Default test -->
  </suite> <!-- Default suite -->
</testng-results>
