<?xml version="1.0" encoding="UTF-8"?>
<!-- Generated by org.testng.reporters.JUnitReportReporter -->
<testsuite hostname="DESKTOP-UIG46I4" failures="0" tests="8" name="tests.LoginTest" time="40.565" errors="0" timestamp="2026-09-23T22:50:37 IST" skipped="0">
  <testcase classname="tests.LoginTest" name="loginTest" time="2.458"/>
  <testcase classname="tests.LoginTest" name="loginTest" time="2.374"/>
  <testcase classname="tests.LoginTest" name="loginTest" time="2.618"/>
  <testcase classname="tests.LoginTest" name="loginTest" time="17.249"/>
  <testcase classname="tests.LoginTest" name="loginTest" time="2.782"/>
  <testcase classname="tests.LoginTest" name="loginTest" time="2.638"/>
  <testcase classname="tests.LoginTest" name="loginTest" time="7.569"/>
  <testcase classname="tests.LoginTest" name="loginTest" time="2.877"/>
</testsuite> <!-- tests.LoginTest -->
